C51 COMPILER V9.60.0.0   MAIN                                                              06/29/2019 23:57:47 PAGE 1   


C51 COMPILER V9.60.0.0, COMPILATION OF MODULE MAIN
OBJECT MODULE PLACED IN .\Objects\main.obj
COMPILER INVOKED BY: D:\Program Files\Keil_v5\C51\BIN\C51.EXE main.c OPTIMIZE(8,SPEED) BROWSE DEBUG OBJECTEXTEND PRINT(.
                    -\Listings\main.lst) TABS(2) OBJECT(.\Objects\main.obj)

line level    source

   1          #include <display.h>
   2          #include <button.h>
   3          
   4          typedef unsigned char byte;
   5          
   6          byte num = 0;
   7          
   8          void main()
   9          {
  10   1        while(1)
  11   1        {
  12   2          byte key;
  13   2          key = scanKey();
  14   2          if(key != 0)
  15   2            num = key;
  16   2          displayInt(num);
  17   2        }
  18   1      }
  19          


MODULE INFORMATION:   STATIC OVERLAYABLE
   CODE SIZE        =     21    ----
   CONSTANT SIZE    =   ----    ----
   XDATA SIZE       =   ----    ----
   PDATA SIZE       =   ----    ----
   DATA SIZE        =      1       1
   IDATA SIZE       =   ----    ----
   BIT SIZE         =   ----    ----
END OF MODULE INFORMATION.


C51 COMPILATION COMPLETE.  0 WARNING(S),  0 ERROR(S)
